[debug] [2023-11-07T01:17:57.632Z] ----------------------------------------------------------------------
[debug] [2023-11-07T01:17:57.634Z] Command:       C:\Program Files\nodejs\node.exe C:\Users\com\AppData\Roaming\npm\node_modules\firebase-tools\lib\bin\firebase.js login
[debug] [2023-11-07T01:17:57.634Z] CLI Version:   12.7.0
[debug] [2023-11-07T01:17:57.634Z] Platform:      win32
[debug] [2023-11-07T01:17:57.634Z] Node Version:  v16.13.0
[debug] [2023-11-07T01:17:57.636Z] Time:          Tue Nov 07 2023 10:17:57 GMT+0900 (대한민국 표준시)
[debug] [2023-11-07T01:17:57.636Z] ----------------------------------------------------------------------
[debug] 
[info] i  Firebase optionally collects CLI and Emulator Suite usage and error reporting information to help improve our products. Data is collected in accordance with Google's privacy policy (https://policies.google.com/privacy) and is not used to identify you.
 
[info] i  To change your data collection preference at any time, run `firebase logout` and log in again. 
[info] 
[info] Visit this URL on this device to log in:
[info] https://accounts.google.com/o/oauth2/auth?client_id=563584335869-fgrhgmd47bqnekij5i8b5pr03ho849e6.apps.googleusercontent.com&scope=email%20openid%20https%3A%2F%2Fwww.googleapis.com%2Fauth%2Fcloudplatformprojects.readonly%20https%3A%2F%2Fwww.googleapis.com%2Fauth%2Ffirebase%20https%3A%2F%2Fwww.googleapis.com%2Fauth%2Fcloud-platform&response_type=code&state=880462752&redirect_uri=http%3A%2F%2Flocalhost%3A9005
[info] 
[info] Waiting for authentication...
[debug] [2023-11-07T01:45:05.722Z] ----------------------------------------------------------------------
[debug] [2023-11-07T01:45:05.724Z] Command:       C:\Program Files\nodejs\node.exe C:\Users\com\AppData\Roaming\npm\node_modules\firebase-tools\lib\bin\firebase.js login
[debug] [2023-11-07T01:45:05.724Z] CLI Version:   12.7.0
[debug] [2023-11-07T01:45:05.724Z] Platform:      win32
[debug] [2023-11-07T01:45:05.725Z] Node Version:  v16.13.0
[debug] [2023-11-07T01:45:05.726Z] Time:          Tue Nov 07 2023 10:45:05 GMT+0900 (대한민국 표준시)
[debug] [2023-11-07T01:45:05.726Z] ----------------------------------------------------------------------
[debug] 
[info] i  Firebase optionally collects CLI and Emulator Suite usage and error reporting information to help improve our products. Data is collected in accordance with Google's privacy policy (https://policies.google.com/privacy) and is not used to identify you.
 
[info] i  To change your data collection preference at any time, run `firebase logout` and log in again. 
[info] 
[info] Visit this URL on this device to log in:
[info] https://accounts.google.com/o/oauth2/auth?client_id=563584335869-fgrhgmd47bqnekij5i8b5pr03ho849e6.apps.googleusercontent.com&scope=email%20openid%20https%3A%2F%2Fwww.googleapis.com%2Fauth%2Fcloudplatformprojects.readonly%20https%3A%2F%2Fwww.googleapis.com%2Fauth%2Ffirebase%20https%3A%2F%2Fwww.googleapis.com%2Fauth%2Fcloud-platform&response_type=code&state=171647167&redirect_uri=http%3A%2F%2Flocalhost%3A9005
[info] 
[info] Waiting for authentication...
